<?xml version="1.0" encoding="UTF-8"?>
<!-- Generated by org.testng.reporters.JUnitReportReporter -->
<testsuite skipped="0" hostname="DESKTOP-238J8OC" name="testCases.LoginTestCases" tests="2" failures="0" timestamp="02 Jun 2023 19:52:38 GMT" time="7.528" errors="0">
  <testcase name="verifyLogin_ValidUser" time="3.850" classname="testCases.LoginTestCases"/>
  <testcase name="verifyLoginBtnText" time="3.678" classname="testCases.LoginTestCases"/>
</testsuite> <!-- testCases.LoginTestCases -->
